TN:
SF:src/modules/courses/services/CreateCourseService.ts
FN:14,CreateCourseService
FN:19,Object.<anonymous>.CreateCourseService.execute
FNF:2
FNH:2
FNDA:2,CreateCourseService
FNDA:3,Object.<anonymous>.CreateCourseService.execute
DA:1,1
DA:2,1
DA:3,1
DA:4,1
DA:5,1
DA:6,1
DA:7,1
DA:8,1
DA:9,1
DA:10,1
DA:11,1
DA:12,1
DA:13,1
DA:14,1
DA:15,2
DA:16,2
DA:17,2
DA:18,1
DA:19,1
DA:20,3
DA:21,3
DA:22,3
DA:23,3
DA:24,1
DA:25,1
DA:26,2
DA:27,2
DA:28,2
DA:29,2
DA:30,3
DA:31,3
DA:32,3
DA:33,1
DA:34,1
DA:35,1
LF:35
LH:35
BRDA:13,0,0,1
BRDA:14,1,0,2
BRDA:19,2,0,3
BRDA:21,3,0,3
BRDA:23,4,0,1
BRDA:26,5,0,2
BRF:6
BRH:6
end_of_record
TN:
SF:src/modules/courses/services/UpdateImageService.ts
FN:16,UpdateImageService
FN:24,Object.<anonymous>.UpdateImageService.execute
FNF:2
FNH:2
FNDA:3,UpdateImageService
FNDA:4,Object.<anonymous>.UpdateImageService.execute
DA:1,1
DA:2,1
DA:3,1
DA:4,1
DA:5,1
DA:6,1
DA:7,1
DA:8,1
DA:9,1
DA:10,1
DA:11,1
DA:12,1
DA:13,1
DA:14,1
DA:15,1
DA:16,1
DA:17,3
DA:18,3
DA:19,3
DA:20,3
DA:21,3
DA:22,3
DA:23,1
DA:24,1
DA:25,4
DA:26,4
DA:27,4
DA:28,1
DA:29,1
DA:30,3
DA:31,3
DA:32,1
DA:33,4
DA:34,4
DA:35,4
DA:36,4
DA:37,4
DA:38,4
DA:39,4
DA:40,4
DA:41,4
DA:42,4
DA:43,1
DA:44,1
DA:45,1
LF:45
LH:45
BRDA:15,0,0,1
BRDA:16,1,0,3
BRDA:24,2,0,4
BRDA:25,3,0,4
BRDA:27,4,0,1
BRDA:30,5,0,3
BRDA:31,6,0,2
BRDA:31,7,0,1
BRDA:35,8,0,3
BRF:9
BRH:9
end_of_record
TN:
SF:src/modules/users/services/AuthenticateUserService.ts
FN:24,AuthenticateUserService
FN:32,Object.<anonymous>.AuthenticateUserService.execute
FNF:2
FNH:2
FNDA:3,AuthenticateUserService
FNDA:3,Object.<anonymous>.AuthenticateUserService.execute
DA:1,1
DA:2,1
DA:3,1
DA:4,1
DA:5,1
DA:6,1
DA:7,1
DA:8,1
DA:9,1
DA:10,1
DA:11,1
DA:12,1
DA:13,1
DA:14,1
DA:15,1
DA:16,1
DA:17,1
DA:18,1
DA:19,1
DA:20,1
DA:21,1
DA:22,1
DA:23,1
DA:24,1
DA:25,3
DA:26,3
DA:27,3
DA:28,3
DA:29,3
DA:30,3
DA:31,1
DA:32,1
DA:33,3
DA:34,3
DA:35,3
DA:36,1
DA:37,1
DA:38,2
DA:39,2
DA:40,3
DA:41,3
DA:42,1
DA:43,1
DA:44,1
DA:45,1
DA:46,1
DA:47,1
DA:48,1
DA:49,1
DA:50,1
DA:51,1
DA:52,1
DA:53,1
DA:54,1
DA:55,1
DA:56,3
DA:57,1
DA:58,1
DA:59,1
LF:59
LH:59
BRDA:23,0,0,1
BRDA:24,1,0,3
BRDA:32,2,0,3
BRDA:33,3,0,3
BRDA:35,4,0,1
BRDA:38,5,0,2
BRDA:41,6,0,1
BRF:7
BRH:7
end_of_record
TN:
SF:src/modules/users/services/CreateUserService.ts
FN:17,CreateUserService
FN:25,Object.<anonymous>.CreateUserService.execute
FNF:2
FNH:2
FNDA:4,CreateUserService
FNDA:5,Object.<anonymous>.CreateUserService.execute
DA:1,1
DA:2,1
DA:3,1
DA:4,1
DA:5,1
DA:6,1
DA:7,1
DA:8,1
DA:9,1
DA:10,1
DA:11,1
DA:12,1
DA:13,1
DA:14,1
DA:15,1
DA:16,2
DA:17,2
DA:18,4
DA:19,4
DA:20,4
DA:21,4
DA:22,4
DA:23,4
DA:24,2
DA:25,2
DA:26,5
DA:27,5
DA:28,5
DA:29,1
DA:30,1
DA:31,4
DA:32,4
DA:33,5
DA:34,5
DA:35,5
DA:36,5
DA:37,5
DA:38,5
DA:39,5
DA:40,5
DA:41,5
DA:42,5
DA:43,2
DA:44,1
DA:45,1
LF:45
LH:45
BRDA:16,0,0,2
BRDA:17,1,0,4
BRDA:25,2,0,5
BRDA:26,3,0,5
BRDA:28,4,0,1
BRDA:31,5,0,4
BRF:6
BRH:6
end_of_record
TN:
SF:src/modules/users/services/UpdateAvatarService.ts
FN:16,UpdateAvatarService
FN:24,Object.<anonymous>.UpdateAvatarService.execute
FNF:2
FNH:2
FNDA:3,UpdateAvatarService
FNDA:4,Object.<anonymous>.UpdateAvatarService.execute
DA:1,1
DA:2,1
DA:3,1
DA:4,1
DA:5,1
DA:6,1
DA:7,1
DA:8,1
DA:9,1
DA:10,1
DA:11,1
DA:12,1
DA:13,1
DA:14,1
DA:15,1
DA:16,1
DA:17,3
DA:18,3
DA:19,3
DA:20,3
DA:21,3
DA:22,3
DA:23,1
DA:24,1
DA:25,4
DA:26,4
DA:27,4
DA:28,1
DA:29,1
DA:30,3
DA:31,3
DA:32,1
DA:33,4
DA:34,4
DA:35,4
DA:36,4
DA:37,4
DA:38,4
DA:39,4
DA:40,4
DA:41,4
DA:42,4
DA:43,1
DA:44,1
DA:45,1
LF:45
LH:45
BRDA:15,0,0,1
BRDA:16,1,0,3
BRDA:24,2,0,4
BRDA:25,3,0,4
BRDA:27,4,0,1
BRDA:30,5,0,3
BRDA:31,6,0,2
BRDA:31,7,0,1
BRDA:35,8,0,3
BRF:9
BRH:9
end_of_record
